2016-03-04 17:05:23,218 2      [           main] ERROR urce.Storage2UriMapperJavaImpl  - <default> [in src/yes.png [in TSP]] does not exist
Java Model Exception: Java Model Status [<default> [in src/yes.png [in TSP]] does not exist]
	at org.eclipse.jdt.internal.core.JavaElement.newNotPresentException(JavaElement.java:556)
	at org.eclipse.jdt.internal.core.JarPackageFragment.buildStructure(JarPackageFragment.java:51)
	at org.eclipse.jdt.internal.core.Openable.generateInfos(Openable.java:259)
	at org.eclipse.jdt.internal.core.JavaElement.openWhenClosed(JavaElement.java:579)
	at org.eclipse.jdt.internal.core.JavaElement.getElementInfo(JavaElement.java:316)
	at org.eclipse.jdt.internal.core.JavaElement.getElementInfo(JavaElement.java:302)
	at org.eclipse.jdt.internal.core.JarPackageFragment.storedNonJavaResources(JarPackageFragment.java:210)
	at org.eclipse.jdt.internal.core.JarPackageFragmentRoot.getNonJavaResources(JarPackageFragmentRoot.java:172)
	at org.eclipse.xtext.ui.resource.PackageFragmentRootWalker.traverse(PackageFragmentRootWalker.java:52)
	at org.eclipse.xtext.ui.resource.SourceAttachmentPackageFragmentRootWalker.traverse(SourceAttachmentPackageFragmentRootWalker.java:168)
	at org.eclipse.xtext.ui.resource.Storage2UriMapperJavaImpl.initializeData(Storage2UriMapperJavaImpl.java:283)
	at org.eclipse.xtext.ui.resource.Storage2UriMapperJavaImpl.getCachedData(Storage2UriMapperJavaImpl.java:221)
	at org.eclipse.xtext.ui.resource.Storage2UriMapperJavaImpl.updateCache(Storage2UriMapperJavaImpl.java:372)
	at org.eclipse.xtext.ui.resource.Storage2UriMapperJavaImpl.access$3(Storage2UriMapperJavaImpl.java:366)
	at org.eclipse.xtext.ui.resource.Storage2UriMapperJavaImpl$2.elementChanged(Storage2UriMapperJavaImpl.java:424)
	at org.eclipse.jdt.internal.core.DeltaProcessor$3.run(DeltaProcessor.java:1662)
	at org.eclipse.core.runtime.SafeRunner.run(SafeRunner.java:42)
	at org.eclipse.jdt.internal.core.DeltaProcessor.notifyListeners(DeltaProcessor.java:1652)
	at org.eclipse.jdt.internal.core.DeltaProcessor.firePostChangeDelta(DeltaProcessor.java:1486)
	at org.eclipse.jdt.internal.core.DeltaProcessor.fire(DeltaProcessor.java:1462)
	at org.eclipse.jdt.internal.core.DeltaProcessor.resourceChanged(DeltaProcessor.java:2074)
	at org.eclipse.jdt.internal.core.DeltaProcessingState.resourceChanged(DeltaProcessingState.java:477)
	at org.eclipse.core.internal.events.NotificationManager$1.run(NotificationManager.java:299)
	at org.eclipse.core.runtime.SafeRunner.run(SafeRunner.java:42)
	at org.eclipse.core.internal.events.NotificationManager.notify(NotificationManager.java:289)
	at org.eclipse.core.internal.events.NotificationManager.broadcastChanges(NotificationManager.java:152)
	at org.eclipse.core.internal.resources.Workspace.broadcastPostChange(Workspace.java:373)
	at org.eclipse.core.internal.resources.Workspace.endOperation(Workspace.java:1470)
	at org.eclipse.core.internal.resources.Workspace.run(Workspace.java:2250)
	at org.eclipse.jdt.internal.core.JavaModelOperation.runOperation(JavaModelOperation.java:794)
	at org.eclipse.jdt.internal.core.JavaProject.setRawClasspath(JavaProject.java:3097)
	at org.eclipse.jdt.internal.core.JavaProject.setRawClasspath(JavaProject.java:3059)
	at org.eclipse.jdt.internal.core.JavaProject.setRawClasspath(JavaProject.java:3071)
	at org.eclipse.jdt.internal.corext.buildpath.ClasspathModifier.commitClassPath(ClasspathModifier.java:1045)
	at org.eclipse.jdt.internal.ui.wizards.buildpaths.newsourcepage.AddSelectedLibraryToBuildpathAction.addLibraryEntries(AddSelectedLibraryToBuildpathAction.java:138)
	at org.eclipse.jdt.internal.ui.wizards.buildpaths.newsourcepage.AddSelectedLibraryToBuildpathAction.access$0(AddSelectedLibraryToBuildpathAction.java:126)
	at org.eclipse.jdt.internal.ui.wizards.buildpaths.newsourcepage.AddSelectedLibraryToBuildpathAction$1.run(AddSelectedLibraryToBuildpathAction.java:108)
	at org.eclipse.jface.operation.ModalContext.runInCurrentThread(ModalContext.java:463)
	at org.eclipse.jface.operation.ModalContext.run(ModalContext.java:371)
	at org.eclipse.jface.dialogs.ProgressMonitorDialog.run(ProgressMonitorDialog.java:500)
	at org.eclipse.ui.internal.progress.ProgressMonitorJobsDialog.run(ProgressMonitorJobsDialog.java:284)
	at org.eclipse.ui.internal.progress.ProgressManager.run(ProgressManager.java:1204)
	at org.eclipse.jdt.internal.ui.wizards.buildpaths.newsourcepage.AddSelectedLibraryToBuildpathAction.run(AddSelectedLibraryToBuildpathAction.java:115)
	at org.eclipse.jface.action.Action.runWithEvent(Action.java:473)
	at org.eclipse.jface.action.ActionContributionItem.handleWidgetSelection(ActionContributionItem.java:595)
	at org.eclipse.jface.action.ActionContributionItem.access$2(ActionContributionItem.java:511)
	at org.eclipse.jface.action.ActionContributionItem$5.handleEvent(ActionContributionItem.java:420)
	at org.eclipse.swt.widgets.EventTable.sendEvent(EventTable.java:84)
	at org.eclipse.swt.widgets.Display.sendEvent(Display.java:4230)
	at org.eclipse.swt.widgets.Widget.sendEvent(Widget.java:1491)
	at org.eclipse.swt.widgets.Widget.sendEvent(Widget.java:1514)
	at org.eclipse.swt.widgets.Widget.sendEvent(Widget.java:1499)
	at org.eclipse.swt.widgets.Widget.notifyListeners(Widget.java:1299)
	at org.eclipse.swt.widgets.Display.runDeferredEvents(Display.java:4072)
	at org.eclipse.swt.widgets.Display.readAndDispatch(Display.java:3698)
	at org.eclipse.e4.ui.internal.workbench.swt.PartRenderingEngine$4.run(PartRenderingEngine.java:1127)
	at org.eclipse.core.databinding.observable.Realm.runWithDefault(Realm.java:337)
	at org.eclipse.e4.ui.internal.workbench.swt.PartRenderingEngine.run(PartRenderingEngine.java:1018)
	at org.eclipse.e4.ui.internal.workbench.E4Workbench.createAndRunUI(E4Workbench.java:156)
	at org.eclipse.ui.internal.Workbench$5.run(Workbench.java:694)
	at org.eclipse.core.databinding.observable.Realm.runWithDefault(Realm.java:337)
	at org.eclipse.ui.internal.Workbench.createAndRunWorkbench(Workbench.java:606)
	at org.eclipse.ui.PlatformUI.createAndRunWorkbench(PlatformUI.java:150)
	at org.eclipse.ui.internal.ide.application.IDEApplication.start(IDEApplication.java:139)
	at org.eclipse.equinox.internal.app.EclipseAppHandle.run(EclipseAppHandle.java:196)
	at org.eclipse.core.runtime.internal.adaptor.EclipseAppLauncher.runApplication(EclipseAppLauncher.java:134)
	at org.eclipse.core.runtime.internal.adaptor.EclipseAppLauncher.start(EclipseAppLauncher.java:104)
	at org.eclipse.core.runtime.adaptor.EclipseStarter.run(EclipseStarter.java:380)
	at org.eclipse.core.runtime.adaptor.EclipseStarter.run(EclipseStarter.java:235)
	at sun.reflect.NativeMethodAccessorImpl.invoke0(Native Method)
	at sun.reflect.NativeMethodAccessorImpl.invoke(NativeMethodAccessorImpl.java:62)
	at sun.reflect.DelegatingMethodAccessorImpl.invoke(DelegatingMethodAccessorImpl.java:43)
	at java.lang.reflect.Method.invoke(Method.java:497)
	at org.eclipse.equinox.launcher.Main.invokeFramework(Main.java:669)
	at org.eclipse.equinox.launcher.Main.basicRun(Main.java:608)
	at org.eclipse.equinox.launcher.Main.run(Main.java:1515)
2016-03-04 17:05:30,816 7600   [           main] ERROR urce.Storage2UriMapperJavaImpl  - <default> [in src/no.png [in TSP]] does not exist
Java Model Exception: Java Model Status [<default> [in src/no.png [in TSP]] does not exist]
	at org.eclipse.jdt.internal.core.JavaElement.newNotPresentException(JavaElement.java:556)
	at org.eclipse.jdt.internal.core.JarPackageFragment.buildStructure(JarPackageFragment.java:51)
	at org.eclipse.jdt.internal.core.Openable.generateInfos(Openable.java:259)
	at org.eclipse.jdt.internal.core.JavaElement.openWhenClosed(JavaElement.java:579)
	at org.eclipse.jdt.internal.core.JavaElement.getElementInfo(JavaElement.java:316)
	at org.eclipse.jdt.internal.core.JavaElement.getElementInfo(JavaElement.java:302)
	at org.eclipse.jdt.internal.core.JarPackageFragment.storedNonJavaResources(JarPackageFragment.java:210)
	at org.eclipse.jdt.internal.core.JarPackageFragmentRoot.getNonJavaResources(JarPackageFragmentRoot.java:172)
	at org.eclipse.xtext.ui.resource.PackageFragmentRootWalker.traverse(PackageFragmentRootWalker.java:52)
	at org.eclipse.xtext.ui.resource.SourceAttachmentPackageFragmentRootWalker.traverse(SourceAttachmentPackageFragmentRootWalker.java:168)
	at org.eclipse.xtext.ui.resource.Storage2UriMapperJavaImpl.initializeData(Storage2UriMapperJavaImpl.java:283)
	at org.eclipse.xtext.ui.resource.Storage2UriMapperJavaImpl.getCachedData(Storage2UriMapperJavaImpl.java:221)
	at org.eclipse.xtext.ui.resource.Storage2UriMapperJavaImpl.updateCache(Storage2UriMapperJavaImpl.java:372)
	at org.eclipse.xtext.ui.resource.Storage2UriMapperJavaImpl.access$3(Storage2UriMapperJavaImpl.java:366)
	at org.eclipse.xtext.ui.resource.Storage2UriMapperJavaImpl$2.elementChanged(Storage2UriMapperJavaImpl.java:424)
	at org.eclipse.jdt.internal.core.DeltaProcessor$3.run(DeltaProcessor.java:1662)
	at org.eclipse.core.runtime.SafeRunner.run(SafeRunner.java:42)
	at org.eclipse.jdt.internal.core.DeltaProcessor.notifyListeners(DeltaProcessor.java:1652)
	at org.eclipse.jdt.internal.core.DeltaProcessor.firePostChangeDelta(DeltaProcessor.java:1486)
	at org.eclipse.jdt.internal.core.DeltaProcessor.fire(DeltaProcessor.java:1462)
	at org.eclipse.jdt.internal.core.DeltaProcessor.resourceChanged(DeltaProcessor.java:2074)
	at org.eclipse.jdt.internal.core.DeltaProcessingState.resourceChanged(DeltaProcessingState.java:477)
	at org.eclipse.core.internal.events.NotificationManager$1.run(NotificationManager.java:299)
	at org.eclipse.core.runtime.SafeRunner.run(SafeRunner.java:42)
	at org.eclipse.core.internal.events.NotificationManager.notify(NotificationManager.java:289)
	at org.eclipse.core.internal.events.NotificationManager.broadcastChanges(NotificationManager.java:152)
	at org.eclipse.core.internal.resources.Workspace.broadcastPostChange(Workspace.java:373)
	at org.eclipse.core.internal.resources.Workspace.endOperation(Workspace.java:1470)
	at org.eclipse.core.internal.resources.Workspace.run(Workspace.java:2250)
	at org.eclipse.jdt.internal.core.JavaModelOperation.runOperation(JavaModelOperation.java:794)
	at org.eclipse.jdt.internal.core.JavaProject.setRawClasspath(JavaProject.java:3097)
	at org.eclipse.jdt.internal.core.JavaProject.setRawClasspath(JavaProject.java:3059)
	at org.eclipse.jdt.internal.core.JavaProject.setRawClasspath(JavaProject.java:3071)
	at org.eclipse.jdt.internal.corext.buildpath.ClasspathModifier.commitClassPath(ClasspathModifier.java:1045)
	at org.eclipse.jdt.internal.ui.wizards.buildpaths.newsourcepage.AddSelectedLibraryToBuildpathAction.addLibraryEntries(AddSelectedLibraryToBuildpathAction.java:138)
	at org.eclipse.jdt.internal.ui.wizards.buildpaths.newsourcepage.AddSelectedLibraryToBuildpathAction.access$0(AddSelectedLibraryToBuildpathAction.java:126)
	at org.eclipse.jdt.internal.ui.wizards.buildpaths.newsourcepage.AddSelectedLibraryToBuildpathAction$1.run(AddSelectedLibraryToBuildpathAction.java:108)
	at org.eclipse.jface.operation.ModalContext.runInCurrentThread(ModalContext.java:463)
	at org.eclipse.jface.operation.ModalContext.run(ModalContext.java:371)
	at org.eclipse.jface.dialogs.ProgressMonitorDialog.run(ProgressMonitorDialog.java:500)
	at org.eclipse.ui.internal.progress.ProgressMonitorJobsDialog.run(ProgressMonitorJobsDialog.java:284)
	at org.eclipse.ui.internal.progress.ProgressManager.run(ProgressManager.java:1204)
	at org.eclipse.jdt.internal.ui.wizards.buildpaths.newsourcepage.AddSelectedLibraryToBuildpathAction.run(AddSelectedLibraryToBuildpathAction.java:115)
	at org.eclipse.jface.action.Action.runWithEvent(Action.java:473)
	at org.eclipse.jface.action.ActionContributionItem.handleWidgetSelection(ActionContributionItem.java:595)
	at org.eclipse.jface.action.ActionContributionItem.access$2(ActionContributionItem.java:511)
	at org.eclipse.jface.action.ActionContributionItem$5.handleEvent(ActionContributionItem.java:420)
	at org.eclipse.swt.widgets.EventTable.sendEvent(EventTable.java:84)
	at org.eclipse.swt.widgets.Display.sendEvent(Display.java:4230)
	at org.eclipse.swt.widgets.Widget.sendEvent(Widget.java:1491)
	at org.eclipse.swt.widgets.Widget.sendEvent(Widget.java:1514)
	at org.eclipse.swt.widgets.Widget.sendEvent(Widget.java:1499)
	at org.eclipse.swt.widgets.Widget.notifyListeners(Widget.java:1299)
	at org.eclipse.swt.widgets.Display.runDeferredEvents(Display.java:4072)
	at org.eclipse.swt.widgets.Display.readAndDispatch(Display.java:3698)
	at org.eclipse.e4.ui.internal.workbench.swt.PartRenderingEngine$4.run(PartRenderingEngine.java:1127)
	at org.eclipse.core.databinding.observable.Realm.runWithDefault(Realm.java:337)
	at org.eclipse.e4.ui.internal.workbench.swt.PartRenderingEngine.run(PartRenderingEngine.java:1018)
	at org.eclipse.e4.ui.internal.workbench.E4Workbench.createAndRunUI(E4Workbench.java:156)
	at org.eclipse.ui.internal.Workbench$5.run(Workbench.java:694)
	at org.eclipse.core.databinding.observable.Realm.runWithDefault(Realm.java:337)
	at org.eclipse.ui.internal.Workbench.createAndRunWorkbench(Workbench.java:606)
	at org.eclipse.ui.PlatformUI.createAndRunWorkbench(PlatformUI.java:150)
	at org.eclipse.ui.internal.ide.application.IDEApplication.start(IDEApplication.java:139)
	at org.eclipse.equinox.internal.app.EclipseAppHandle.run(EclipseAppHandle.java:196)
	at org.eclipse.core.runtime.internal.adaptor.EclipseAppLauncher.runApplication(EclipseAppLauncher.java:134)
	at org.eclipse.core.runtime.internal.adaptor.EclipseAppLauncher.start(EclipseAppLauncher.java:104)
	at org.eclipse.core.runtime.adaptor.EclipseStarter.run(EclipseStarter.java:380)
	at org.eclipse.core.runtime.adaptor.EclipseStarter.run(EclipseStarter.java:235)
	at sun.reflect.NativeMethodAccessorImpl.invoke0(Native Method)
	at sun.reflect.NativeMethodAccessorImpl.invoke(NativeMethodAccessorImpl.java:62)
	at sun.reflect.DelegatingMethodAccessorImpl.invoke(DelegatingMethodAccessorImpl.java:43)
	at java.lang.reflect.Method.invoke(Method.java:497)
	at org.eclipse.equinox.launcher.Main.invokeFramework(Main.java:669)
	at org.eclipse.equinox.launcher.Main.basicRun(Main.java:608)
	at org.eclipse.equinox.launcher.Main.run(Main.java:1515)
